TN:
SF:src\index.ts
FNF:0
FNH:0
DA:1,1
DA:2,1
DA:3,1
LF:3
LH:3
BRF:0
BRH:0
end_of_record
TN:
SF:src\class\JavaBinariesFormats.ts
FN:9,JavaBinariesFormats
FN:14,listFormats
FN:18,format
FNF:3
FNH:3
FNDA:4,JavaBinariesFormats
FNDA:2,listFormats
FNDA:2,format
DA:1,1
DA:2,1
DA:3,1
DA:4,1
DA:5,1
DA:6,1
DA:7,1
DA:8,1
DA:9,1
DA:10,4
DA:11,4
DA:12,4
DA:13,1
DA:14,1
DA:15,2
DA:16,2
DA:17,1
DA:18,1
DA:19,2
DA:20,1
DA:21,1
DA:22,1
DA:23,1
DA:24,1
DA:25,1
DA:26,1
DA:27,1
DA:28,1
DA:29,1
DA:30,1
DA:31,1
DA:32,1
LF:32
LH:32
BRDA:9,0,0,4
BRDA:14,1,0,2
BRDA:18,2,0,2
BRDA:19,3,0,1
BRF:4
BRH:4
end_of_record
TN:
SF:src\class\JavaBinary.ts
FN:13,JavaBinary
FN:29,getDownloadUrl
FN:33,download
FNF:3
FNH:3
FNDA:2,JavaBinary
FNDA:1,getDownloadUrl
FNDA:1,download
DA:1,1
DA:2,1
DA:3,1
DA:4,1
DA:5,1
DA:6,1
DA:7,1
DA:8,1
DA:9,1
DA:10,1
DA:11,1
DA:12,1
DA:13,1
DA:14,2
DA:15,2
DA:16,2
DA:17,2
DA:18,2
DA:19,2
DA:20,2
DA:21,2
DA:22,2
DA:23,2
DA:24,2
DA:25,2
DA:26,2
DA:27,2
DA:28,1
DA:29,1
DA:30,1
DA:31,1
DA:32,1
DA:33,1
DA:34,1
DA:35,1
DA:36,1
LF:36
LH:36
BRDA:13,0,0,2
BRDA:29,1,0,1
BRDA:33,2,0,1
BRF:3
BRH:3
end_of_record
TN:
SF:src\class\JavaVersions.ts
FN:10,JavaVersion
FN:14,fetchDownloadsLinks
FN:24,getInstance
FN:33,listArchs
FN:43,listPlatforms
FN:47,listPlatformArchs
FN:54,platform
FNF:7
FNH:7
FNDA:3,JavaVersion
FNDA:3,fetchDownloadsLinks
FNDA:3,getInstance
FNDA:2,listArchs
FNDA:3,listPlatforms
FNDA:6,listPlatformArchs
FNDA:10,platform
DA:1,1
DA:2,1
DA:3,1
DA:4,1
DA:5,1
DA:6,1
DA:7,1
DA:8,1
DA:9,1
DA:10,1
DA:11,3
DA:12,3
DA:13,1
DA:14,1
DA:15,3
DA:16,3
DA:17,3
DA:18,3
DA:19,3
DA:20,0
DA:21,0
DA:22,3
DA:23,1
DA:24,1
DA:25,3
DA:26,3
DA:27,3
DA:28,0
DA:29,0
DA:30,3
DA:31,3
DA:32,1
DA:33,1
DA:34,2
DA:35,2
DA:36,2
DA:37,14
DA:38,14
DA:39,2
DA:40,2
DA:41,2
DA:42,1
DA:43,1
DA:44,3
DA:45,3
DA:46,1
DA:47,1
DA:48,6
DA:49,6
DA:50,6
DA:51,6
DA:52,6
DA:53,1
DA:54,1
DA:55,10
DA:56,10
DA:57,10
DA:58,10
DA:59,6
DA:60,0
DA:61,10
DA:62,4
DA:63,4
DA:64,4
DA:65,4
DA:66,4
DA:67,0
DA:68,10
DA:69,10
DA:70,1
DA:71,1
DA:72,1
DA:73,1
DA:74,1
LF:74
LH:68
BRDA:10,0,0,3
BRDA:14,1,0,3
BRDA:19,2,0,0
BRDA:24,3,0,3
BRDA:27,4,0,0
BRDA:33,5,0,2
BRDA:36,6,0,14
BRDA:43,7,0,3
BRDA:47,8,0,6
BRDA:49,9,0,0
BRDA:54,10,0,10
BRDA:56,11,0,0
BRDA:57,12,0,4
BRDA:58,13,0,6
BRDA:60,14,0,0
BRDA:61,15,0,4
BRDA:67,16,0,0
BRF:17
BRH:11
end_of_record
TN:
SF:src\class\Platform.ts
FN:9,Platform
FN:15,listJdkVersions
FN:20,listJreVersions
FN:25,listVersions
FN:32,jdk
FN:41,jre
FNF:6
FNH:6
FNDA:10,Platform
FNDA:4,listJdkVersions
FNDA:5,listJreVersions
FNDA:2,listVersions
FNDA:3,jdk
FNDA:1,jre
DA:1,1
DA:2,1
DA:3,1
DA:4,1
DA:5,1
DA:6,1
DA:7,1
DA:8,1
DA:9,1
DA:10,10
DA:11,10
DA:12,10
DA:13,10
DA:14,1
DA:15,1
DA:16,4
DA:17,4
DA:18,4
DA:19,1
DA:20,1
DA:21,5
DA:22,3
DA:23,3
DA:24,1
DA:25,1
DA:26,2
DA:27,2
DA:28,2
DA:29,2
DA:30,2
DA:31,1
DA:32,1
DA:33,3
DA:34,3
DA:35,3
DA:36,3
DA:37,3
DA:38,3
DA:39,3
DA:40,1
DA:41,1
DA:42,1
DA:43,1
DA:44,1
DA:45,1
DA:46,1
DA:47,1
DA:48,1
DA:49,1
LF:49
LH:49
BRDA:9,0,0,10
BRDA:15,1,0,4
BRDA:16,2,0,0
BRDA:20,3,0,5
BRDA:21,4,0,2
BRDA:22,5,0,3
BRDA:25,6,0,2
BRDA:32,7,0,3
BRDA:37,8,0,0
BRDA:41,9,0,1
BRDA:46,10,0,0
BRF:11
BRH:8
end_of_record
TN:
SF:src\class\VersionDownloader.ts
FN:11,download
FN:41,IncomingDownload
FN:71,downloadJavaBinary
FN:78,on
FN:90,trigger
FNF:5
FNH:5
FNDA:1,download
FNDA:1,IncomingDownload
FNDA:1,downloadJavaBinary
FNDA:2,on
FNDA:1,trigger
DA:1,1
DA:2,1
DA:3,1
DA:4,1
DA:5,1
DA:6,1
DA:7,1
DA:8,1
DA:9,1
DA:10,1
DA:11,1
DA:12,1
DA:13,1
DA:14,1
DA:15,1
DA:16,1
DA:17,1
DA:18,1
DA:19,1
DA:20,1
DA:21,1
DA:22,1
DA:23,1
DA:24,1
DA:25,1
DA:26,1
DA:27,1
DA:28,1
DA:29,1
DA:30,1
DA:31,1
DA:32,1
DA:33,1
DA:34,1
DA:35,1
DA:36,1
DA:37,1
DA:38,1
DA:39,1
DA:40,1
DA:41,1
DA:42,1
DA:43,1
DA:44,1
DA:45,1
DA:46,1
DA:47,1
DA:48,1
DA:49,1
DA:50,1
DA:51,1
DA:52,1
DA:53,1
DA:54,1
DA:55,0
DA:56,0
DA:57,0
DA:58,0
DA:59,0
DA:60,1
DA:61,1
DA:62,1
DA:63,0
DA:64,0
DA:65,0
DA:66,0
DA:67,0
DA:68,1
DA:69,1
DA:70,1
DA:71,1
DA:72,1
DA:73,1
DA:74,1
DA:75,1
DA:76,1
DA:77,1
DA:78,1
DA:79,2
DA:80,2
DA:81,2
DA:82,2
DA:83,2
DA:84,2
DA:85,2
DA:86,1
DA:87,1
DA:88,1
DA:89,1
DA:90,1
DA:91,1
DA:92,1
DA:93,1
DA:94,1
LF:94
LH:84
BRDA:11,0,0,1
BRDA:22,1,0,0
BRDA:41,2,0,1
BRDA:71,3,0,1
BRDA:78,4,0,2
BRDA:90,5,0,1
BRF:6
BRH:5
end_of_record
