TN:
SF:src\class\JavaBinariesFormats.ts
FN:9,JavaBinariesFormats
FN:14,listFormats
FN:18,format
FNF:3
FNH:0
FNDA:0,JavaBinariesFormats
FNDA:0,listFormats
FNDA:0,format
DA:1,1
DA:2,1
DA:3,1
DA:4,1
DA:5,1
DA:6,1
DA:7,1
DA:8,1
DA:9,1
DA:10,0
DA:11,0
DA:12,0
DA:13,1
DA:14,1
DA:15,0
DA:16,0
DA:17,1
DA:18,1
DA:19,0
DA:20,0
DA:21,0
DA:22,0
DA:23,0
DA:24,0
DA:25,0
DA:26,0
DA:27,0
DA:28,0
DA:29,0
DA:30,0
DA:31,0
DA:32,1
LF:32
LH:14
BRF:0
BRH:0
end_of_record
TN:
SF:src\class\JavaBinary.ts
FN:13,JavaBinary
FN:29,getDownloadUrl
FN:33,download
FNF:3
FNH:0
FNDA:0,JavaBinary
FNDA:0,getDownloadUrl
FNDA:0,download
DA:1,1
DA:2,1
DA:3,1
DA:4,1
DA:5,1
DA:6,1
DA:7,1
DA:8,1
DA:9,1
DA:10,1
DA:11,1
DA:12,1
DA:13,1
DA:14,0
DA:15,0
DA:16,0
DA:17,0
DA:18,0
DA:19,0
DA:20,0
DA:21,0
DA:22,0
DA:23,0
DA:24,0
DA:25,0
DA:26,0
DA:27,0
DA:28,1
DA:29,1
DA:30,0
DA:31,0
DA:32,1
DA:33,1
DA:34,0
DA:35,0
DA:36,1
LF:36
LH:18
BRF:0
BRH:0
end_of_record
TN:
SF:src\class\JavaVersions.ts
FN:10,JavaVersion
FN:14,fetchDownloadsLinks
FN:24,getInstance
FN:34,listArchs
FN:44,listPlatforms
FN:48,listPlatformArchs
FN:54,platform
FNF:7
FNH:7
FNDA:1,JavaVersion
FNDA:1,fetchDownloadsLinks
FNDA:1,getInstance
FNDA:2,listArchs
FNDA:3,listPlatforms
FNDA:6,listPlatformArchs
FNDA:3,platform
DA:1,1
DA:2,1
DA:3,1
DA:4,1
DA:5,1
DA:6,1
DA:7,1
DA:8,1
DA:9,1
DA:10,1
DA:11,1
DA:12,1
DA:13,1
DA:14,1
DA:15,1
DA:16,1
DA:17,1
DA:18,1
DA:19,1
DA:20,0
DA:21,0
DA:22,1
DA:23,1
DA:24,1
DA:25,1
DA:26,1
DA:27,0
DA:28,0
DA:29,0
DA:30,0
DA:31,1
DA:32,1
DA:33,1
DA:34,1
DA:35,2
DA:36,2
DA:37,2
DA:38,14
DA:39,14
DA:40,2
DA:41,2
DA:42,2
DA:43,1
DA:44,1
DA:45,3
DA:46,3
DA:47,1
DA:48,1
DA:49,6
DA:50,6
DA:51,6
DA:52,6
DA:53,1
DA:54,1
DA:55,3
DA:56,3
DA:57,3
DA:58,3
DA:59,3
DA:60,3
DA:61,3
DA:62,1
DA:63,0
DA:64,3
DA:65,2
DA:66,2
DA:67,2
DA:68,2
DA:69,2
DA:70,0
DA:71,3
DA:72,3
DA:73,1
DA:74,1
DA:75,1
DA:76,1
DA:77,1
LF:77
LH:69
BRDA:10,0,0,1
BRDA:14,1,0,1
BRDA:19,2,0,0
BRDA:24,3,0,1
BRDA:26,4,0,0
BRDA:34,5,0,2
BRDA:37,6,0,14
BRDA:44,7,0,3
BRDA:48,8,0,6
BRDA:49,9,0,0
BRDA:54,10,0,3
BRDA:59,11,0,0
BRDA:60,12,0,0
BRDA:61,13,0,1
BRDA:63,14,0,0
BRDA:64,15,0,2
BRDA:70,16,0,0
BRF:17
BRH:10
end_of_record
TN:
SF:src\class\Platform.ts
FN:9,Platform
FN:15,listJdkVersions
FN:20,listJreVersions
FN:25,listVersions
FN:32,jdk
FN:41,jre
FNF:6
FNH:1
FNDA:3,Platform
FNDA:0,listJdkVersions
FNDA:0,listJreVersions
FNDA:0,listVersions
FNDA:0,jdk
FNDA:0,jre
DA:1,1
DA:2,1
DA:3,1
DA:4,1
DA:5,1
DA:6,1
DA:7,1
DA:8,1
DA:9,1
DA:10,3
DA:11,3
DA:12,3
DA:13,3
DA:14,1
DA:15,1
DA:16,0
DA:17,0
DA:18,0
DA:19,1
DA:20,1
DA:21,0
DA:22,0
DA:23,0
DA:24,1
DA:25,1
DA:26,0
DA:27,0
DA:28,0
DA:29,0
DA:30,0
DA:31,1
DA:32,1
DA:33,0
DA:34,0
DA:35,0
DA:36,0
DA:37,0
DA:38,0
DA:39,0
DA:40,1
DA:41,1
DA:42,0
DA:43,0
DA:44,0
DA:45,0
DA:46,0
DA:47,0
DA:48,0
DA:49,1
LF:49
LH:24
BRDA:9,0,0,3
BRF:1
BRH:1
end_of_record
TN:
SF:src\class\VersionDownloader.ts
FN:14,download
FN:44,IncomingDownload
FN:74,downloadJavaBinary
FN:81,on
FN:93,trigger
FNF:5
FNH:0
FNDA:0,download
FNDA:0,IncomingDownload
FNDA:0,downloadJavaBinary
FNDA:0,on
FNDA:0,trigger
DA:1,1
DA:2,1
DA:3,1
DA:4,1
DA:5,1
DA:6,1
DA:7,1
DA:8,1
DA:9,1
DA:10,1
DA:11,1
DA:12,1
DA:13,1
DA:14,1
DA:15,0
DA:16,0
DA:17,0
DA:18,0
DA:19,0
DA:20,0
DA:21,0
DA:22,0
DA:23,0
DA:24,0
DA:25,0
DA:26,0
DA:27,0
DA:28,0
DA:29,0
DA:30,1
DA:31,1
DA:32,1
DA:33,1
DA:34,1
DA:35,1
DA:36,1
DA:37,1
DA:38,1
DA:39,1
DA:40,1
DA:41,1
DA:42,1
DA:43,1
DA:44,1
DA:45,0
DA:46,0
DA:47,0
DA:48,0
DA:49,0
DA:50,0
DA:51,0
DA:52,0
DA:53,0
DA:54,0
DA:55,0
DA:56,0
DA:57,0
DA:58,0
DA:59,0
DA:60,0
DA:61,0
DA:62,0
DA:63,0
DA:64,0
DA:65,0
DA:66,0
DA:67,0
DA:68,0
DA:69,0
DA:70,0
DA:71,0
DA:72,0
DA:73,1
DA:74,1
DA:75,0
DA:76,0
DA:77,0
DA:78,0
DA:79,0
DA:80,1
DA:81,1
DA:82,0
DA:83,0
DA:84,0
DA:85,0
DA:86,0
DA:87,0
DA:88,0
DA:89,1
DA:90,1
DA:91,1
DA:92,1
DA:93,1
DA:94,0
DA:95,0
DA:96,1
DA:97,1
LF:97
LH:40
BRF:0
BRH:0
end_of_record
